<?xml version="1.0" encoding="UTF-8"?>
<testng-results skipped="0" failed="0" ignored="0" total="3" passed="3">
  <reporter-output>
  </reporter-output>
  <suite name="Suite" duration-ms="8457" started-at="2019-12-05T17:43:50 IST" finished-at="2019-12-05T17:43:58 IST">
    <groups>
    </groups>
    <test name="Test" duration-ms="8457" started-at="2019-12-05T17:43:50 IST" finished-at="2019-12-05T17:43:58 IST">
      <class name="pkg.SeleniumDemo">
        <test-method status="PASS" signature="setup()[pri:0, instance:pkg.SeleniumDemo@5c5a1b69]" name="setup" is-config="true" duration-ms="7723" started-at="2019-12-05T17:43:50 IST" finished-at="2019-12-05T17:43:57 IST">
          <reporter-output>
          </reporter-output>
        </test-method> <!-- setup -->
        <test-method status="PASS" signature="test1()[pri:0, instance:pkg.SeleniumDemo@5c5a1b69]" name="test1" duration-ms="5" started-at="2019-12-05T17:43:57 IST" finished-at="2019-12-05T17:43:57 IST">
          <reporter-output>
          </reporter-output>
        </test-method> <!-- test1 -->
        <test-method status="PASS" signature="test2()[pri:0, instance:pkg.SeleniumDemo@5c5a1b69]" name="test2" duration-ms="1" started-at="2019-12-05T17:43:57 IST" finished-at="2019-12-05T17:43:57 IST">
          <reporter-output>
          </reporter-output>
        </test-method> <!-- test2 -->
        <test-method status="PASS" signature="test3()[pri:0, instance:pkg.SeleniumDemo@5c5a1b69]" name="test3" duration-ms="1" started-at="2019-12-05T17:43:57 IST" finished-at="2019-12-05T17:43:57 IST">
          <reporter-output>
          </reporter-output>
        </test-method> <!-- test3 -->
        <test-method status="PASS" signature="tearDown()[pri:0, instance:pkg.SeleniumDemo@5c5a1b69]" name="tearDown" is-config="true" duration-ms="691" started-at="2019-12-05T17:43:57 IST" finished-at="2019-12-05T17:43:58 IST">
          <reporter-output>
          </reporter-output>
        </test-method> <!-- tearDown -->
      </class> <!-- pkg.SeleniumDemo -->
    </test> <!-- Test -->
  </suite> <!-- Suite -->
</testng-results>
